[debug] [2018-08-01T05:15:19.738Z] ----------------------------------------------------------------------
[debug] [2018-08-01T05:15:19.739Z] Command:       /usr/local/bin/node /Users/tonxu/.npm-global/bin/firebase deploy
[debug] [2018-08-01T05:15:19.739Z] CLI Version:   3.19.3
[debug] [2018-08-01T05:15:19.740Z] Platform:      darwin
[debug] [2018-08-01T05:15:19.740Z] Node Version:  v8.11.3
[debug] [2018-08-01T05:15:19.740Z] Time:          Tue Jul 31 2018 22:15:19 GMT-0700 (PDT)
[debug] [2018-08-01T05:15:19.740Z] ----------------------------------------------------------------------
[debug] 
[debug] [2018-08-01T05:15:19.747Z] > command requires scopes: ["email","openid","https://www.googleapis.com/auth/cloudplatformprojects.readonly","https://www.googleapis.com/auth/firebase","https://www.googleapis.com/auth/cloud-platform"]
[debug] [2018-08-01T05:15:19.747Z] > authorizing via signed-in user
[debug] [2018-08-01T05:15:19.749Z] >>> HTTP REQUEST GET https://admin.firebase.com/v1/projects/tonyxu-io  
  
 Tue Jul 31 2018 22:15:19 GMT-0700 (PDT)
[debug] [2018-08-01T05:15:20.335Z] <<< HTTP RESPONSE 200
[debug] [2018-08-01T05:15:20.337Z] >>> HTTP REQUEST GET https://admin.firebase.com/v1/database/tonyxu-io/tokens  
  
 Tue Jul 31 2018 22:15:20 GMT-0700 (PDT)
[debug] [2018-08-01T05:15:21.015Z] <<< HTTP RESPONSE 200
[info] 
[info] === Deploying to 'tonyxu-io'...
[info] 
[info] i  deploying hosting
[info] i  hosting: preparing public directory for upload...
[debug] [2018-08-01T05:15:21.759Z] >>> HTTP REQUEST PUT https://deploy.firebase.com/v1/hosting/tonyxu-io/uploads/-LInuMT4cTII0gvBJONt?fileCount=232&message=  
  
 Tue Jul 31 2018 22:15:21 GMT-0700 (PDT)
